Nonterminals useless in grammar

   FUNCTION_NAME


Terminals unused in grammar

   T_EXPONENT


Grammar

    0 $accept: ROOT $end

    1 ROOT: EXPR

    2 EXPR: TERM
    3     | EXPR T_PLUS TERM
    4     | EXPR T_MINUS TERM

    5 TERM: FACTOR
    6     | TERM T_TIMES FACTOR
    7     | TERM T_DIVIDE FACTOR

    8 FACTOR: T_NUMBER
    9       | T_LBRACKET EXPR T_RBRACKET
   10       | T_VARIABLE
   11       | T_LOG T_LBRACKET EXPR T_RBRACKET
   12       | T_EXP T_LBRACKET EXPR T_RBRACKET
   13       | T_SQRT T_LBRACKET EXPR T_RBRACKET


Terminals, with rules where they appear

$end (0) 0
error (256)
T_TIMES (258) 6
T_DIVIDE (259) 7
T_PLUS (260) 3
T_MINUS (261) 4
T_EXPONENT (262)
T_LBRACKET (263) 9 11 12 13
T_RBRACKET (264) 9 11 12 13
T_LOG (265) 11
T_EXP (266) 12
T_SQRT (267) 13
T_NUMBER (268) 8
T_VARIABLE (269) 10


Nonterminals, with rules where they appear

$accept (15)
    on left: 0
ROOT (16)
    on left: 1, on right: 0
EXPR (17)
    on left: 2 3 4, on right: 1 3 4 9 11 12 13
TERM (18)
    on left: 5 6 7, on right: 2 3 4 6 7
FACTOR (19)
    on left: 8 9 10 11 12 13, on right: 5 6 7


State 0

    0 $accept: . ROOT $end

    T_LBRACKET  shift, and go to state 1
    T_LOG       shift, and go to state 2
    T_EXP       shift, and go to state 3
    T_SQRT      shift, and go to state 4
    T_NUMBER    shift, and go to state 5
    T_VARIABLE  shift, and go to state 6

    ROOT    go to state 7
    EXPR    go to state 8
    TERM    go to state 9
    FACTOR  go to state 10


State 1

    9 FACTOR: T_LBRACKET . EXPR T_RBRACKET

    T_LBRACKET  shift, and go to state 1
    T_LOG       shift, and go to state 2
    T_EXP       shift, and go to state 3
    T_SQRT      shift, and go to state 4
    T_NUMBER    shift, and go to state 5
    T_VARIABLE  shift, and go to state 6

    EXPR    go to state 11
    TERM    go to state 9
    FACTOR  go to state 10


State 2

   11 FACTOR: T_LOG . T_LBRACKET EXPR T_RBRACKET

    T_LBRACKET  shift, and go to state 12


State 3

   12 FACTOR: T_EXP . T_LBRACKET EXPR T_RBRACKET

    T_LBRACKET  shift, and go to state 13


State 4

   13 FACTOR: T_SQRT . T_LBRACKET EXPR T_RBRACKET

    T_LBRACKET  shift, and go to state 14


State 5

    8 FACTOR: T_NUMBER .

    $default  reduce using rule 8 (FACTOR)


State 6

   10 FACTOR: T_VARIABLE .

    $default  reduce using rule 10 (FACTOR)


State 7

    0 $accept: ROOT . $end

    $end  shift, and go to state 15


State 8

    1 ROOT: EXPR .
    3 EXPR: EXPR . T_PLUS TERM
    4     | EXPR . T_MINUS TERM

    T_PLUS   shift, and go to state 16
    T_MINUS  shift, and go to state 17

    $default  reduce using rule 1 (ROOT)


State 9

    2 EXPR: TERM .
    6 TERM: TERM . T_TIMES FACTOR
    7     | TERM . T_DIVIDE FACTOR

    T_TIMES   shift, and go to state 18
    T_DIVIDE  shift, and go to state 19

    $default  reduce using rule 2 (EXPR)


State 10

    5 TERM: FACTOR .

    $default  reduce using rule 5 (TERM)


State 11

    3 EXPR: EXPR . T_PLUS TERM
    4     | EXPR . T_MINUS TERM
    9 FACTOR: T_LBRACKET EXPR . T_RBRACKET

    T_PLUS      shift, and go to state 16
    T_MINUS     shift, and go to state 17
    T_RBRACKET  shift, and go to state 20


State 12

   11 FACTOR: T_LOG T_LBRACKET . EXPR T_RBRACKET

    T_LBRACKET  shift, and go to state 1
    T_LOG       shift, and go to state 2
    T_EXP       shift, and go to state 3
    T_SQRT      shift, and go to state 4
    T_NUMBER    shift, and go to state 5
    T_VARIABLE  shift, and go to state 6

    EXPR    go to state 21
    TERM    go to state 9
    FACTOR  go to state 10


State 13

   12 FACTOR: T_EXP T_LBRACKET . EXPR T_RBRACKET

    T_LBRACKET  shift, and go to state 1
    T_LOG       shift, and go to state 2
    T_EXP       shift, and go to state 3
    T_SQRT      shift, and go to state 4
    T_NUMBER    shift, and go to state 5
    T_VARIABLE  shift, and go to state 6

    EXPR    go to state 22
    TERM    go to state 9
    FACTOR  go to state 10


State 14

   13 FACTOR: T_SQRT T_LBRACKET . EXPR T_RBRACKET

    T_LBRACKET  shift, and go to state 1
    T_LOG       shift, and go to state 2
    T_EXP       shift, and go to state 3
    T_SQRT      shift, and go to state 4
    T_NUMBER    shift, and go to state 5
    T_VARIABLE  shift, and go to state 6

    EXPR    go to state 23
    TERM    go to state 9
    FACTOR  go to state 10


State 15

    0 $accept: ROOT $end .

    $default  accept


State 16

    3 EXPR: EXPR T_PLUS . TERM

    T_LBRACKET  shift, and go to state 1
    T_LOG       shift, and go to state 2
    T_EXP       shift, and go to state 3
    T_SQRT      shift, and go to state 4
    T_NUMBER    shift, and go to state 5
    T_VARIABLE  shift, and go to state 6

    TERM    go to state 24
    FACTOR  go to state 10


State 17

    4 EXPR: EXPR T_MINUS . TERM

    T_LBRACKET  shift, and go to state 1
    T_LOG       shift, and go to state 2
    T_EXP       shift, and go to state 3
    T_SQRT      shift, and go to state 4
    T_NUMBER    shift, and go to state 5
    T_VARIABLE  shift, and go to state 6

    TERM    go to state 25
    FACTOR  go to state 10


State 18

    6 TERM: TERM T_TIMES . FACTOR

    T_LBRACKET  shift, and go to state 1
    T_LOG       shift, and go to state 2
    T_EXP       shift, and go to state 3
    T_SQRT      shift, and go to state 4
    T_NUMBER    shift, and go to state 5
    T_VARIABLE  shift, and go to state 6

    FACTOR  go to state 26


State 19

    7 TERM: TERM T_DIVIDE . FACTOR

    T_LBRACKET  shift, and go to state 1
    T_LOG       shift, and go to state 2
    T_EXP       shift, and go to state 3
    T_SQRT      shift, and go to state 4
    T_NUMBER    shift, and go to state 5
    T_VARIABLE  shift, and go to state 6

    FACTOR  go to state 27


State 20

    9 FACTOR: T_LBRACKET EXPR T_RBRACKET .

    $default  reduce using rule 9 (FACTOR)


State 21

    3 EXPR: EXPR . T_PLUS TERM
    4     | EXPR . T_MINUS TERM
   11 FACTOR: T_LOG T_LBRACKET EXPR . T_RBRACKET

    T_PLUS      shift, and go to state 16
    T_MINUS     shift, and go to state 17
    T_RBRACKET  shift, and go to state 28


State 22

    3 EXPR: EXPR . T_PLUS TERM
    4     | EXPR . T_MINUS TERM
   12 FACTOR: T_EXP T_LBRACKET EXPR . T_RBRACKET

    T_PLUS      shift, and go to state 16
    T_MINUS     shift, and go to state 17
    T_RBRACKET  shift, and go to state 29


State 23

    3 EXPR: EXPR . T_PLUS TERM
    4     | EXPR . T_MINUS TERM
   13 FACTOR: T_SQRT T_LBRACKET EXPR . T_RBRACKET

    T_PLUS      shift, and go to state 16
    T_MINUS     shift, and go to state 17
    T_RBRACKET  shift, and go to state 30


State 24

    3 EXPR: EXPR T_PLUS TERM .
    6 TERM: TERM . T_TIMES FACTOR
    7     | TERM . T_DIVIDE FACTOR

    T_TIMES   shift, and go to state 18
    T_DIVIDE  shift, and go to state 19

    $default  reduce using rule 3 (EXPR)


State 25

    4 EXPR: EXPR T_MINUS TERM .
    6 TERM: TERM . T_TIMES FACTOR
    7     | TERM . T_DIVIDE FACTOR

    T_TIMES   shift, and go to state 18
    T_DIVIDE  shift, and go to state 19

    $default  reduce using rule 4 (EXPR)


State 26

    6 TERM: TERM T_TIMES FACTOR .

    $default  reduce using rule 6 (TERM)


State 27

    7 TERM: TERM T_DIVIDE FACTOR .

    $default  reduce using rule 7 (TERM)


State 28

   11 FACTOR: T_LOG T_LBRACKET EXPR T_RBRACKET .

    $default  reduce using rule 11 (FACTOR)


State 29

   12 FACTOR: T_EXP T_LBRACKET EXPR T_RBRACKET .

    $default  reduce using rule 12 (FACTOR)


State 30

   13 FACTOR: T_SQRT T_LBRACKET EXPR T_RBRACKET .

    $default  reduce using rule 13 (FACTOR)
