Terminals unused in grammar

   T_LSQBRACKET
   T_RSQBRACKET
   T_LTRIBRACKET
   T_RTRIBRACKET
   T_DOT
   T_COLON
   T_SPEACHMARK
   T_APOSTROPHE
   T_BOOL
   T_EXPONENT
   T_COMMENT


State 24 conflicts: 2 shift/reduce
State 44 conflicts: 14 shift/reduce
State 51 conflicts: 2 shift/reduce
State 59 conflicts: 15 shift/reduce
State 60 conflicts: 2 shift/reduce
State 90 conflicts: 14 shift/reduce
State 104 conflicts: 1 shift/reduce
State 105 conflicts: 8 shift/reduce
State 106 conflicts: 14 shift/reduce
State 115 conflicts: 14 shift/reduce
State 119 conflicts: 14 shift/reduce
State 121 conflicts: 1 shift/reduce
State 124 conflicts: 8 shift/reduce
State 125 conflicts: 8 shift/reduce
State 126 conflicts: 8 shift/reduce
State 127 conflicts: 8 shift/reduce
State 128 conflicts: 8 shift/reduce
State 129 conflicts: 8 shift/reduce
State 130 conflicts: 8 shift/reduce
State 131 conflicts: 8 shift/reduce
State 143 conflicts: 14 shift/reduce


Grammar

    0 $accept: ROOT $end

    1 ROOT: TOP_LEVEL

    2 TOP_LEVEL: TOP_LIST

    3 TOP_LIST: TOP_LIST DEC_FUNCTION
    4         | TOP_LIST GLO_DEC_VARIABLE
    5         | DEC_FUNCTION
    6         | GLO_DEC_VARIABLE

    7 DEC_FUNCTION: TYPE T_ID T_LBRACKET ARGUMENT_LIST T_RBRACKET T_LCUBRACKET BODY T_RCUBRACKET

    8 ARGUMENT_LIST: ARGUMENT_LIST T_COMMA TYPE T_ID
    9              | TYPE T_ID
   10              | %empty

   11 ARGUMENT_LIST_NO_TYPE: ARGUMENT_LIST_NO_TYPE T_COMMA ID
   12                      | ARGUMENT_LIST_NO_TYPE T_COMMA NUMBER
   13                      | ID
   14                      | NUMBER
   15                      | %empty

   16 TYPE: T_INT
   17     | T_DOUBLE
   18     | T_STRING
   19     | T_VOID
   20     | T_LONG

   21 BODY: BODY STATEMENT
   22     | STATEMENT
   23     | %empty

   24 STATEMENT: RETURN_STATEMENT
   25          | DEC_VARIABLE
   26          | FUNCTION_STATEMENT
   27          | EXPR T_SEMICOLON
   28          | IFANDORELSEORELIF
   29          | WHILE_STATEMENT
   30          | DO_STATEMENT
   31          | NEW_SCOPE

   32 NEW_SCOPE: T_LCUBRACKET BODY T_RCUBRACKET
   33          | T_LCUBRACKET T_RCUBRACKET

   34 RETURN_STATEMENT: T_RETURN EXPR T_SEMICOLON

   35 DEC_VARIABLE: TYPE T_ID T_ASSIGN EXPR T_SEMICOLON
   36             | TYPE T_ID T_SEMICOLON

   37 GLO_DEC_VARIABLE: TYPE T_ID T_ASSIGN EXPR T_SEMICOLON
   38                 | TYPE T_ID T_SEMICOLON

   39 FUNCTION_STATEMENT: T_ID T_LBRACKET ARGUMENT_LIST_NO_TYPE T_RBRACKET T_SEMICOLON

   40 IFANDORELSEORELIF: IFANDORELIF ELSE_STATEMENT
   41                  | IFANDORELIF

   42 IFANDORELIF: IFANDORELIF ELSE_IF_STATEMENT
   43            | IF_STATEMENT

   44 WHILE_STATEMENT: T_WHILE CONDITION T_LCUBRACKET BODY T_RCUBRACKET

   45 DO_STATEMENT: T_DO T_LCUBRACKET BODY T_RCUBRACKET T_WHILE CONDITION T_SEMICOLON

   46 IF_STATEMENT: T_IF CONDITION T_LCUBRACKET BODY T_RCUBRACKET

   47 ELSE_IF_STATEMENT: T_ELSE T_IF CONDITION T_LCUBRACKET BODY T_RCUBRACKET

   48 ELSE_STATEMENT: T_ELSE T_LCUBRACKET BODY T_RCUBRACKET

   49 CONDITION: CONDITION T_LEQUAL CONDITION
   50          | CONDITION T_LAND CONDITION
   51          | CONDITION T_LOR CONDITION
   52          | T_LNOT CONDITION
   53          | CONDITION T_LNOTEQUAL CONDITION
   54          | CONDITION T_LMORE CONDITION
   55          | CONDITION T_LLESS CONDITION
   56          | CONDITION T_LMOREEQUAL CONDITION
   57          | CONDITION T_LLESSEQUAL CONDITION
   58          | EXPR
   59          | T_LBRACKET CONDITION T_RBRACKET

   60 EXPR: TERM
   61     | EXPR T_PLUS TERM
   62     | EXPR T_MINUS TERM
   63     | T_ID T_ASSIGN EXPR
   64     | T_ID T_PLUS T_PLUS
   65     | T_ID T_MINUS T_MINUS

   66 TERM: FACTOR
   67     | TERM T_TIMES FACTOR
   68     | TERM T_DIVIDE FACTOR

   69 FACTOR: T_LBRACKET EXPR T_RBRACKET
   70       | T_ID T_LBRACKET ARGUMENT_LIST_NO_TYPE T_RBRACKET
   71       | NUMBER
   72       | ID

   73 NUMBER: T_NUMBER
   74       | T_MINUS T_NUMBER

   75 ID: T_ID


Terminals, with rules where they appear

$end (0) 0
error (256)
T_LSQBRACKET (258)
T_RSQBRACKET (259)
T_LCUBRACKET (260) 7 32 33 44 45 46 47 48
T_RCUBRACKET (261) 7 32 33 44 45 46 47 48
T_LTRIBRACKET (262)
T_RTRIBRACKET (263)
T_LBRACKET (264) 7 39 59 69 70
T_RBRACKET (265) 7 39 59 69 70
T_ASSIGN (266) 35 37 63
T_DOT (267)
T_COMMA (268) 8 11 12
T_COLON (269)
T_SEMICOLON (270) 27 34 35 36 37 38 39 45
T_SPEACHMARK (271)
T_APOSTROPHE (272)
T_LAND (273) 50
T_LOR (274) 51
T_LNOT (275) 52
T_LEQUAL (276) 49
T_LNOTEQUAL (277) 53
T_LLESSEQUAL (278) 57
T_LMOREEQUAL (279) 56
T_LMORE (280) 54
T_LLESS (281) 55
T_INT (282) 16
T_DOUBLE (283) 17
T_STRING (284) 18
T_BOOL (285)
T_VOID (286) 19
T_LONG (287) 20
T_TIMES (288) 67
T_DIVIDE (289) 68
T_PLUS (290) 61 64
T_MINUS (291) 62 65 74
T_EXPONENT (292)
T_NUMBER (293) 73 74
T_ID (294) 7 8 9 35 36 37 38 39 63 64 65 70 75
T_COMMENT (295)
T_RETURN (296) 34
T_ELSE (297) 47 48
T_IF (298) 46 47
T_WHILE (299) 44 45
T_DO (300) 45


Nonterminals, with rules where they appear

$accept (46)
    on left: 0
ROOT (47)
    on left: 1, on right: 0
TOP_LEVEL (48)
    on left: 2, on right: 1
TOP_LIST (49)
    on left: 3 4 5 6, on right: 2 3 4
DEC_FUNCTION (50)
    on left: 7, on right: 3 5
ARGUMENT_LIST (51)
    on left: 8 9 10, on right: 7 8
ARGUMENT_LIST_NO_TYPE (52)
    on left: 11 12 13 14 15, on right: 11 12 39 70
TYPE (53)
    on left: 16 17 18 19 20, on right: 7 8 9 35 36 37 38
BODY (54)
    on left: 21 22 23, on right: 7 21 32 44 45 46 47 48
STATEMENT (55)
    on left: 24 25 26 27 28 29 30 31, on right: 21 22
NEW_SCOPE (56)
    on left: 32 33, on right: 31
RETURN_STATEMENT (57)
    on left: 34, on right: 24
DEC_VARIABLE (58)
    on left: 35 36, on right: 25
GLO_DEC_VARIABLE (59)
    on left: 37 38, on right: 4 6
FUNCTION_STATEMENT (60)
    on left: 39, on right: 26
IFANDORELSEORELIF (61)
    on left: 40 41, on right: 28
IFANDORELIF (62)
    on left: 42 43, on right: 40 41 42
WHILE_STATEMENT (63)
    on left: 44, on right: 29
DO_STATEMENT (64)
    on left: 45, on right: 30
IF_STATEMENT (65)
    on left: 46, on right: 43
ELSE_IF_STATEMENT (66)
    on left: 47, on right: 42
ELSE_STATEMENT (67)
    on left: 48, on right: 40
CONDITION (68)
    on left: 49 50 51 52 53 54 55 56 57 58 59, on right: 44 45 46 47
    49 50 51 52 53 54 55 56 57 59
EXPR (69)
    on left: 60 61 62 63 64 65, on right: 27 34 35 37 58 61 62 63 69
TERM (70)
    on left: 66 67 68, on right: 60 61 62 67 68
FACTOR (71)
    on left: 69 70 71 72, on right: 66 67 68
NUMBER (72)
    on left: 73 74, on right: 12 14 71
ID (73)
    on left: 75, on right: 11 13 72


State 0

    0 $accept: . ROOT $end

    T_INT     shift, and go to state 1
    T_DOUBLE  shift, and go to state 2
    T_STRING  shift, and go to state 3
    T_VOID    shift, and go to state 4
    T_LONG    shift, and go to state 5

    ROOT              go to state 6
    TOP_LEVEL         go to state 7
    TOP_LIST          go to state 8
    DEC_FUNCTION      go to state 9
    TYPE              go to state 10
    GLO_DEC_VARIABLE  go to state 11


State 1

   16 TYPE: T_INT .

    $default  reduce using rule 16 (TYPE)


State 2

   17 TYPE: T_DOUBLE .

    $default  reduce using rule 17 (TYPE)


State 3

   18 TYPE: T_STRING .

    $default  reduce using rule 18 (TYPE)


State 4

   19 TYPE: T_VOID .

    $default  reduce using rule 19 (TYPE)


State 5

   20 TYPE: T_LONG .

    $default  reduce using rule 20 (TYPE)


State 6

    0 $accept: ROOT . $end

    $end  shift, and go to state 12


State 7

    1 ROOT: TOP_LEVEL .

    $default  reduce using rule 1 (ROOT)


State 8

    2 TOP_LEVEL: TOP_LIST .
    3 TOP_LIST: TOP_LIST . DEC_FUNCTION
    4         | TOP_LIST . GLO_DEC_VARIABLE

    T_INT     shift, and go to state 1
    T_DOUBLE  shift, and go to state 2
    T_STRING  shift, and go to state 3
    T_VOID    shift, and go to state 4
    T_LONG    shift, and go to state 5

    $default  reduce using rule 2 (TOP_LEVEL)

    DEC_FUNCTION      go to state 13
    TYPE              go to state 10
    GLO_DEC_VARIABLE  go to state 14


State 9

    5 TOP_LIST: DEC_FUNCTION .

    $default  reduce using rule 5 (TOP_LIST)


State 10

    7 DEC_FUNCTION: TYPE . T_ID T_LBRACKET ARGUMENT_LIST T_RBRACKET T_LCUBRACKET BODY T_RCUBRACKET
   37 GLO_DEC_VARIABLE: TYPE . T_ID T_ASSIGN EXPR T_SEMICOLON
   38                 | TYPE . T_ID T_SEMICOLON

    T_ID  shift, and go to state 15


State 11

    6 TOP_LIST: GLO_DEC_VARIABLE .

    $default  reduce using rule 6 (TOP_LIST)


State 12

    0 $accept: ROOT $end .

    $default  accept


State 13

    3 TOP_LIST: TOP_LIST DEC_FUNCTION .

    $default  reduce using rule 3 (TOP_LIST)


State 14

    4 TOP_LIST: TOP_LIST GLO_DEC_VARIABLE .

    $default  reduce using rule 4 (TOP_LIST)


State 15

    7 DEC_FUNCTION: TYPE T_ID . T_LBRACKET ARGUMENT_LIST T_RBRACKET T_LCUBRACKET BODY T_RCUBRACKET
   37 GLO_DEC_VARIABLE: TYPE T_ID . T_ASSIGN EXPR T_SEMICOLON
   38                 | TYPE T_ID . T_SEMICOLON

    T_LBRACKET   shift, and go to state 16
    T_ASSIGN     shift, and go to state 17
    T_SEMICOLON  shift, and go to state 18


State 16

    7 DEC_FUNCTION: TYPE T_ID T_LBRACKET . ARGUMENT_LIST T_RBRACKET T_LCUBRACKET BODY T_RCUBRACKET

    T_INT     shift, and go to state 1
    T_DOUBLE  shift, and go to state 2
    T_STRING  shift, and go to state 3
    T_VOID    shift, and go to state 4
    T_LONG    shift, and go to state 5

    $default  reduce using rule 10 (ARGUMENT_LIST)

    ARGUMENT_LIST  go to state 19
    TYPE           go to state 20


State 17

   37 GLO_DEC_VARIABLE: TYPE T_ID T_ASSIGN . EXPR T_SEMICOLON

    T_LBRACKET  shift, and go to state 21
    T_MINUS     shift, and go to state 22
    T_NUMBER    shift, and go to state 23
    T_ID        shift, and go to state 24

    EXPR    go to state 25
    TERM    go to state 26
    FACTOR  go to state 27
    NUMBER  go to state 28
    ID      go to state 29


State 18

   38 GLO_DEC_VARIABLE: TYPE T_ID T_SEMICOLON .

    $default  reduce using rule 38 (GLO_DEC_VARIABLE)


State 19

    7 DEC_FUNCTION: TYPE T_ID T_LBRACKET ARGUMENT_LIST . T_RBRACKET T_LCUBRACKET BODY T_RCUBRACKET
    8 ARGUMENT_LIST: ARGUMENT_LIST . T_COMMA TYPE T_ID

    T_RBRACKET  shift, and go to state 30
    T_COMMA     shift, and go to state 31


State 20

    9 ARGUMENT_LIST: TYPE . T_ID

    T_ID  shift, and go to state 32


State 21

   69 FACTOR: T_LBRACKET . EXPR T_RBRACKET

    T_LBRACKET  shift, and go to state 21
    T_MINUS     shift, and go to state 22
    T_NUMBER    shift, and go to state 23
    T_ID        shift, and go to state 24

    EXPR    go to state 33
    TERM    go to state 26
    FACTOR  go to state 27
    NUMBER  go to state 28
    ID      go to state 29


State 22

   74 NUMBER: T_MINUS . T_NUMBER

    T_NUMBER  shift, and go to state 34


State 23

   73 NUMBER: T_NUMBER .

    $default  reduce using rule 73 (NUMBER)


State 24

   63 EXPR: T_ID . T_ASSIGN EXPR
   64     | T_ID . T_PLUS T_PLUS
   65     | T_ID . T_MINUS T_MINUS
   70 FACTOR: T_ID . T_LBRACKET ARGUMENT_LIST_NO_TYPE T_RBRACKET
   75 ID: T_ID .

    T_LBRACKET  shift, and go to state 35
    T_ASSIGN    shift, and go to state 36
    T_PLUS      shift, and go to state 37
    T_MINUS     shift, and go to state 38

    T_PLUS    [reduce using rule 75 (ID)]
    T_MINUS   [reduce using rule 75 (ID)]
    $default  reduce using rule 75 (ID)


State 25

   37 GLO_DEC_VARIABLE: TYPE T_ID T_ASSIGN EXPR . T_SEMICOLON
   61 EXPR: EXPR . T_PLUS TERM
   62     | EXPR . T_MINUS TERM

    T_SEMICOLON  shift, and go to state 39
    T_PLUS       shift, and go to state 40
    T_MINUS      shift, and go to state 41


State 26

   60 EXPR: TERM .
   67 TERM: TERM . T_TIMES FACTOR
   68     | TERM . T_DIVIDE FACTOR

    T_TIMES   shift, and go to state 42
    T_DIVIDE  shift, and go to state 43

    $default  reduce using rule 60 (EXPR)


State 27

   66 TERM: FACTOR .

    $default  reduce using rule 66 (TERM)


State 28

   71 FACTOR: NUMBER .

    $default  reduce using rule 71 (FACTOR)


State 29

   72 FACTOR: ID .

    $default  reduce using rule 72 (FACTOR)


State 30

    7 DEC_FUNCTION: TYPE T_ID T_LBRACKET ARGUMENT_LIST T_RBRACKET . T_LCUBRACKET BODY T_RCUBRACKET

    T_LCUBRACKET  shift, and go to state 44


State 31

    8 ARGUMENT_LIST: ARGUMENT_LIST T_COMMA . TYPE T_ID

    T_INT     shift, and go to state 1
    T_DOUBLE  shift, and go to state 2
    T_STRING  shift, and go to state 3
    T_VOID    shift, and go to state 4
    T_LONG    shift, and go to state 5

    TYPE  go to state 45


State 32

    9 ARGUMENT_LIST: TYPE T_ID .

    $default  reduce using rule 9 (ARGUMENT_LIST)


State 33

   61 EXPR: EXPR . T_PLUS TERM
   62     | EXPR . T_MINUS TERM
   69 FACTOR: T_LBRACKET EXPR . T_RBRACKET

    T_RBRACKET  shift, and go to state 46
    T_PLUS      shift, and go to state 40
    T_MINUS     shift, and go to state 41


State 34

   74 NUMBER: T_MINUS T_NUMBER .

    $default  reduce using rule 74 (NUMBER)


State 35

   70 FACTOR: T_ID T_LBRACKET . ARGUMENT_LIST_NO_TYPE T_RBRACKET

    T_MINUS   shift, and go to state 22
    T_NUMBER  shift, and go to state 23
    T_ID      shift, and go to state 47

    $default  reduce using rule 15 (ARGUMENT_LIST_NO_TYPE)

    ARGUMENT_LIST_NO_TYPE  go to state 48
    NUMBER                 go to state 49
    ID                     go to state 50


State 36

   63 EXPR: T_ID T_ASSIGN . EXPR

    T_LBRACKET  shift, and go to state 21
    T_MINUS     shift, and go to state 22
    T_NUMBER    shift, and go to state 23
    T_ID        shift, and go to state 24

    EXPR    go to state 51
    TERM    go to state 26
    FACTOR  go to state 27
    NUMBER  go to state 28
    ID      go to state 29


State 37

   64 EXPR: T_ID T_PLUS . T_PLUS

    T_PLUS  shift, and go to state 52


State 38

   65 EXPR: T_ID T_MINUS . T_MINUS

    T_MINUS  shift, and go to state 53


State 39

   37 GLO_DEC_VARIABLE: TYPE T_ID T_ASSIGN EXPR T_SEMICOLON .

    $default  reduce using rule 37 (GLO_DEC_VARIABLE)


State 40

   61 EXPR: EXPR T_PLUS . TERM

    T_LBRACKET  shift, and go to state 21
    T_MINUS     shift, and go to state 22
    T_NUMBER    shift, and go to state 23
    T_ID        shift, and go to state 54

    TERM    go to state 55
    FACTOR  go to state 27
    NUMBER  go to state 28
    ID      go to state 29


State 41

   62 EXPR: EXPR T_MINUS . TERM

    T_LBRACKET  shift, and go to state 21
    T_MINUS     shift, and go to state 22
    T_NUMBER    shift, and go to state 23
    T_ID        shift, and go to state 54

    TERM    go to state 56
    FACTOR  go to state 27
    NUMBER  go to state 28
    ID      go to state 29


State 42

   67 TERM: TERM T_TIMES . FACTOR

    T_LBRACKET  shift, and go to state 21
    T_MINUS     shift, and go to state 22
    T_NUMBER    shift, and go to state 23
    T_ID        shift, and go to state 54

    FACTOR  go to state 57
    NUMBER  go to state 28
    ID      go to state 29


State 43

   68 TERM: TERM T_DIVIDE . FACTOR

    T_LBRACKET  shift, and go to state 21
    T_MINUS     shift, and go to state 22
    T_NUMBER    shift, and go to state 23
    T_ID        shift, and go to state 54

    FACTOR  go to state 58
    NUMBER  go to state 28
    ID      go to state 29


State 44

    7 DEC_FUNCTION: TYPE T_ID T_LBRACKET ARGUMENT_LIST T_RBRACKET T_LCUBRACKET . BODY T_RCUBRACKET

    T_LCUBRACKET  shift, and go to state 59
    T_LBRACKET    shift, and go to state 21
    T_INT         shift, and go to state 1
    T_DOUBLE      shift, and go to state 2
    T_STRING      shift, and go to state 3
    T_VOID        shift, and go to state 4
    T_LONG        shift, and go to state 5
    T_MINUS       shift, and go to state 22
    T_NUMBER      shift, and go to state 23
    T_ID          shift, and go to state 60
    T_RETURN      shift, and go to state 61
    T_IF          shift, and go to state 62
    T_WHILE       shift, and go to state 63
    T_DO          shift, and go to state 64

    T_LCUBRACKET  [reduce using rule 23 (BODY)]
    T_LBRACKET    [reduce using rule 23 (BODY)]
    T_INT         [reduce using rule 23 (BODY)]
    T_DOUBLE      [reduce using rule 23 (BODY)]
    T_STRING      [reduce using rule 23 (BODY)]
    T_VOID        [reduce using rule 23 (BODY)]
    T_LONG        [reduce using rule 23 (BODY)]
    T_MINUS       [reduce using rule 23 (BODY)]
    T_NUMBER      [reduce using rule 23 (BODY)]
    T_ID          [reduce using rule 23 (BODY)]
    T_RETURN      [reduce using rule 23 (BODY)]
    T_IF          [reduce using rule 23 (BODY)]
    T_WHILE       [reduce using rule 23 (BODY)]
    T_DO          [reduce using rule 23 (BODY)]
    $default      reduce using rule 23 (BODY)

    TYPE                go to state 65
    BODY                go to state 66
    STATEMENT           go to state 67
    NEW_SCOPE           go to state 68
    RETURN_STATEMENT    go to state 69
    DEC_VARIABLE        go to state 70
    FUNCTION_STATEMENT  go to state 71
    IFANDORELSEORELIF   go to state 72
    IFANDORELIF         go to state 73
    WHILE_STATEMENT     go to state 74
    DO_STATEMENT        go to state 75
    IF_STATEMENT        go to state 76
    EXPR                go to state 77
    TERM                go to state 26
    FACTOR              go to state 27
    NUMBER              go to state 28
    ID                  go to state 29


State 45

    8 ARGUMENT_LIST: ARGUMENT_LIST T_COMMA TYPE . T_ID

    T_ID  shift, and go to state 78


State 46

   69 FACTOR: T_LBRACKET EXPR T_RBRACKET .

    $default  reduce using rule 69 (FACTOR)


State 47

   75 ID: T_ID .

    $default  reduce using rule 75 (ID)


State 48

   11 ARGUMENT_LIST_NO_TYPE: ARGUMENT_LIST_NO_TYPE . T_COMMA ID
   12                      | ARGUMENT_LIST_NO_TYPE . T_COMMA NUMBER
   70 FACTOR: T_ID T_LBRACKET ARGUMENT_LIST_NO_TYPE . T_RBRACKET

    T_RBRACKET  shift, and go to state 79
    T_COMMA     shift, and go to state 80


State 49

   14 ARGUMENT_LIST_NO_TYPE: NUMBER .

    $default  reduce using rule 14 (ARGUMENT_LIST_NO_TYPE)


State 50

   13 ARGUMENT_LIST_NO_TYPE: ID .

    $default  reduce using rule 13 (ARGUMENT_LIST_NO_TYPE)


State 51

   61 EXPR: EXPR . T_PLUS TERM
   62     | EXPR . T_MINUS TERM
   63     | T_ID T_ASSIGN EXPR .

    T_PLUS   shift, and go to state 40
    T_MINUS  shift, and go to state 41

    T_PLUS    [reduce using rule 63 (EXPR)]
    T_MINUS   [reduce using rule 63 (EXPR)]
    $default  reduce using rule 63 (EXPR)


State 52

   64 EXPR: T_ID T_PLUS T_PLUS .

    $default  reduce using rule 64 (EXPR)


State 53

   65 EXPR: T_ID T_MINUS T_MINUS .

    $default  reduce using rule 65 (EXPR)


State 54

   70 FACTOR: T_ID . T_LBRACKET ARGUMENT_LIST_NO_TYPE T_RBRACKET
   75 ID: T_ID .

    T_LBRACKET  shift, and go to state 35

    $default  reduce using rule 75 (ID)


State 55

   61 EXPR: EXPR T_PLUS TERM .
   67 TERM: TERM . T_TIMES FACTOR
   68     | TERM . T_DIVIDE FACTOR

    T_TIMES   shift, and go to state 42
    T_DIVIDE  shift, and go to state 43

    $default  reduce using rule 61 (EXPR)


State 56

   62 EXPR: EXPR T_MINUS TERM .
   67 TERM: TERM . T_TIMES FACTOR
   68     | TERM . T_DIVIDE FACTOR

    T_TIMES   shift, and go to state 42
    T_DIVIDE  shift, and go to state 43

    $default  reduce using rule 62 (EXPR)


State 57

   67 TERM: TERM T_TIMES FACTOR .

    $default  reduce using rule 67 (TERM)


State 58

   68 TERM: TERM T_DIVIDE FACTOR .

    $default  reduce using rule 68 (TERM)


State 59

   32 NEW_SCOPE: T_LCUBRACKET . BODY T_RCUBRACKET
   33          | T_LCUBRACKET . T_RCUBRACKET

    T_LCUBRACKET  shift, and go to state 59
    T_RCUBRACKET  shift, and go to state 81
    T_LBRACKET    shift, and go to state 21
    T_INT         shift, and go to state 1
    T_DOUBLE      shift, and go to state 2
    T_STRING      shift, and go to state 3
    T_VOID        shift, and go to state 4
    T_LONG        shift, and go to state 5
    T_MINUS       shift, and go to state 22
    T_NUMBER      shift, and go to state 23
    T_ID          shift, and go to state 60
    T_RETURN      shift, and go to state 61
    T_IF          shift, and go to state 62
    T_WHILE       shift, and go to state 63
    T_DO          shift, and go to state 64

    T_LCUBRACKET  [reduce using rule 23 (BODY)]
    T_RCUBRACKET  [reduce using rule 23 (BODY)]
    T_LBRACKET    [reduce using rule 23 (BODY)]
    T_INT         [reduce using rule 23 (BODY)]
    T_DOUBLE      [reduce using rule 23 (BODY)]
    T_STRING      [reduce using rule 23 (BODY)]
    T_VOID        [reduce using rule 23 (BODY)]
    T_LONG        [reduce using rule 23 (BODY)]
    T_MINUS       [reduce using rule 23 (BODY)]
    T_NUMBER      [reduce using rule 23 (BODY)]
    T_ID          [reduce using rule 23 (BODY)]
    T_RETURN      [reduce using rule 23 (BODY)]
    T_IF          [reduce using rule 23 (BODY)]
    T_WHILE       [reduce using rule 23 (BODY)]
    T_DO          [reduce using rule 23 (BODY)]

    TYPE                go to state 65
    BODY                go to state 82
    STATEMENT           go to state 67
    NEW_SCOPE           go to state 68
    RETURN_STATEMENT    go to state 69
    DEC_VARIABLE        go to state 70
    FUNCTION_STATEMENT  go to state 71
    IFANDORELSEORELIF   go to state 72
    IFANDORELIF         go to state 73
    WHILE_STATEMENT     go to state 74
    DO_STATEMENT        go to state 75
    IF_STATEMENT        go to state 76
    EXPR                go to state 77
    TERM                go to state 26
    FACTOR              go to state 27
    NUMBER              go to state 28
    ID                  go to state 29


State 60

   39 FUNCTION_STATEMENT: T_ID . T_LBRACKET ARGUMENT_LIST_NO_TYPE T_RBRACKET T_SEMICOLON
   63 EXPR: T_ID . T_ASSIGN EXPR
   64     | T_ID . T_PLUS T_PLUS
   65     | T_ID . T_MINUS T_MINUS
   70 FACTOR: T_ID . T_LBRACKET ARGUMENT_LIST_NO_TYPE T_RBRACKET
   75 ID: T_ID .

    T_LBRACKET  shift, and go to state 83
    T_ASSIGN    shift, and go to state 36
    T_PLUS      shift, and go to state 37
    T_MINUS     shift, and go to state 38

    T_PLUS    [reduce using rule 75 (ID)]
    T_MINUS   [reduce using rule 75 (ID)]
    $default  reduce using rule 75 (ID)


State 61

   34 RETURN_STATEMENT: T_RETURN . EXPR T_SEMICOLON

    T_LBRACKET  shift, and go to state 21
    T_MINUS     shift, and go to state 22
    T_NUMBER    shift, and go to state 23
    T_ID        shift, and go to state 24

    EXPR    go to state 84
    TERM    go to state 26
    FACTOR  go to state 27
    NUMBER  go to state 28
    ID      go to state 29


State 62

   46 IF_STATEMENT: T_IF . CONDITION T_LCUBRACKET BODY T_RCUBRACKET

    T_LBRACKET  shift, and go to state 85
    T_LNOT      shift, and go to state 86
    T_MINUS     shift, and go to state 22
    T_NUMBER    shift, and go to state 23
    T_ID        shift, and go to state 24

    CONDITION  go to state 87
    EXPR       go to state 88
    TERM       go to state 26
    FACTOR     go to state 27
    NUMBER     go to state 28
    ID         go to state 29


State 63

   44 WHILE_STATEMENT: T_WHILE . CONDITION T_LCUBRACKET BODY T_RCUBRACKET

    T_LBRACKET  shift, and go to state 85
    T_LNOT      shift, and go to state 86
    T_MINUS     shift, and go to state 22
    T_NUMBER    shift, and go to state 23
    T_ID        shift, and go to state 24

    CONDITION  go to state 89
    EXPR       go to state 88
    TERM       go to state 26
    FACTOR     go to state 27
    NUMBER     go to state 28
    ID         go to state 29


State 64

   45 DO_STATEMENT: T_DO . T_LCUBRACKET BODY T_RCUBRACKET T_WHILE CONDITION T_SEMICOLON

    T_LCUBRACKET  shift, and go to state 90


State 65

   35 DEC_VARIABLE: TYPE . T_ID T_ASSIGN EXPR T_SEMICOLON
   36             | TYPE . T_ID T_SEMICOLON

    T_ID  shift, and go to state 91


State 66

    7 DEC_FUNCTION: TYPE T_ID T_LBRACKET ARGUMENT_LIST T_RBRACKET T_LCUBRACKET BODY . T_RCUBRACKET
   21 BODY: BODY . STATEMENT

    T_LCUBRACKET  shift, and go to state 59
    T_RCUBRACKET  shift, and go to state 92
    T_LBRACKET    shift, and go to state 21
    T_INT         shift, and go to state 1
    T_DOUBLE      shift, and go to state 2
    T_STRING      shift, and go to state 3
    T_VOID        shift, and go to state 4
    T_LONG        shift, and go to state 5
    T_MINUS       shift, and go to state 22
    T_NUMBER      shift, and go to state 23
    T_ID          shift, and go to state 60
    T_RETURN      shift, and go to state 61
    T_IF          shift, and go to state 62
    T_WHILE       shift, and go to state 63
    T_DO          shift, and go to state 64

    TYPE                go to state 65
    STATEMENT           go to state 93
    NEW_SCOPE           go to state 68
    RETURN_STATEMENT    go to state 69
    DEC_VARIABLE        go to state 70
    FUNCTION_STATEMENT  go to state 71
    IFANDORELSEORELIF   go to state 72
    IFANDORELIF         go to state 73
    WHILE_STATEMENT     go to state 74
    DO_STATEMENT        go to state 75
    IF_STATEMENT        go to state 76
    EXPR                go to state 77
    TERM                go to state 26
    FACTOR              go to state 27
    NUMBER              go to state 28
    ID                  go to state 29


State 67

   22 BODY: STATEMENT .

    $default  reduce using rule 22 (BODY)


State 68

   31 STATEMENT: NEW_SCOPE .

    $default  reduce using rule 31 (STATEMENT)


State 69

   24 STATEMENT: RETURN_STATEMENT .

    $default  reduce using rule 24 (STATEMENT)


State 70

   25 STATEMENT: DEC_VARIABLE .

    $default  reduce using rule 25 (STATEMENT)


State 71

   26 STATEMENT: FUNCTION_STATEMENT .

    $default  reduce using rule 26 (STATEMENT)


State 72

   28 STATEMENT: IFANDORELSEORELIF .

    $default  reduce using rule 28 (STATEMENT)


State 73

   40 IFANDORELSEORELIF: IFANDORELIF . ELSE_STATEMENT
   41                  | IFANDORELIF .
   42 IFANDORELIF: IFANDORELIF . ELSE_IF_STATEMENT

    T_ELSE  shift, and go to state 94

    $default  reduce using rule 41 (IFANDORELSEORELIF)

    ELSE_IF_STATEMENT  go to state 95
    ELSE_STATEMENT     go to state 96


State 74

   29 STATEMENT: WHILE_STATEMENT .

    $default  reduce using rule 29 (STATEMENT)


State 75

   30 STATEMENT: DO_STATEMENT .

    $default  reduce using rule 30 (STATEMENT)


State 76

   43 IFANDORELIF: IF_STATEMENT .

    $default  reduce using rule 43 (IFANDORELIF)


State 77

   27 STATEMENT: EXPR . T_SEMICOLON
   61 EXPR: EXPR . T_PLUS TERM
   62     | EXPR . T_MINUS TERM

    T_SEMICOLON  shift, and go to state 97
    T_PLUS       shift, and go to state 40
    T_MINUS      shift, and go to state 41


State 78

    8 ARGUMENT_LIST: ARGUMENT_LIST T_COMMA TYPE T_ID .

    $default  reduce using rule 8 (ARGUMENT_LIST)


State 79

   70 FACTOR: T_ID T_LBRACKET ARGUMENT_LIST_NO_TYPE T_RBRACKET .

    $default  reduce using rule 70 (FACTOR)


State 80

   11 ARGUMENT_LIST_NO_TYPE: ARGUMENT_LIST_NO_TYPE T_COMMA . ID
   12                      | ARGUMENT_LIST_NO_TYPE T_COMMA . NUMBER

    T_MINUS   shift, and go to state 22
    T_NUMBER  shift, and go to state 23
    T_ID      shift, and go to state 47

    NUMBER  go to state 98
    ID      go to state 99


State 81

   33 NEW_SCOPE: T_LCUBRACKET T_RCUBRACKET .

    $default  reduce using rule 33 (NEW_SCOPE)


State 82

   21 BODY: BODY . STATEMENT
   32 NEW_SCOPE: T_LCUBRACKET BODY . T_RCUBRACKET

    T_LCUBRACKET  shift, and go to state 59
    T_RCUBRACKET  shift, and go to state 100
    T_LBRACKET    shift, and go to state 21
    T_INT         shift, and go to state 1
    T_DOUBLE      shift, and go to state 2
    T_STRING      shift, and go to state 3
    T_VOID        shift, and go to state 4
    T_LONG        shift, and go to state 5
    T_MINUS       shift, and go to state 22
    T_NUMBER      shift, and go to state 23
    T_ID          shift, and go to state 60
    T_RETURN      shift, and go to state 61
    T_IF          shift, and go to state 62
    T_WHILE       shift, and go to state 63
    T_DO          shift, and go to state 64

    TYPE                go to state 65
    STATEMENT           go to state 93
    NEW_SCOPE           go to state 68
    RETURN_STATEMENT    go to state 69
    DEC_VARIABLE        go to state 70
    FUNCTION_STATEMENT  go to state 71
    IFANDORELSEORELIF   go to state 72
    IFANDORELIF         go to state 73
    WHILE_STATEMENT     go to state 74
    DO_STATEMENT        go to state 75
    IF_STATEMENT        go to state 76
    EXPR                go to state 77
    TERM                go to state 26
    FACTOR              go to state 27
    NUMBER              go to state 28
    ID                  go to state 29


State 83

   39 FUNCTION_STATEMENT: T_ID T_LBRACKET . ARGUMENT_LIST_NO_TYPE T_RBRACKET T_SEMICOLON
   70 FACTOR: T_ID T_LBRACKET . ARGUMENT_LIST_NO_TYPE T_RBRACKET

    T_MINUS   shift, and go to state 22
    T_NUMBER  shift, and go to state 23
    T_ID      shift, and go to state 47

    $default  reduce using rule 15 (ARGUMENT_LIST_NO_TYPE)

    ARGUMENT_LIST_NO_TYPE  go to state 101
    NUMBER                 go to state 49
    ID                     go to state 50


State 84

   34 RETURN_STATEMENT: T_RETURN EXPR . T_SEMICOLON
   61 EXPR: EXPR . T_PLUS TERM
   62     | EXPR . T_MINUS TERM

    T_SEMICOLON  shift, and go to state 102
    T_PLUS       shift, and go to state 40
    T_MINUS      shift, and go to state 41


State 85

   59 CONDITION: T_LBRACKET . CONDITION T_RBRACKET
   69 FACTOR: T_LBRACKET . EXPR T_RBRACKET

    T_LBRACKET  shift, and go to state 85
    T_LNOT      shift, and go to state 86
    T_MINUS     shift, and go to state 22
    T_NUMBER    shift, and go to state 23
    T_ID        shift, and go to state 24

    CONDITION  go to state 103
    EXPR       go to state 104
    TERM       go to state 26
    FACTOR     go to state 27
    NUMBER     go to state 28
    ID         go to state 29


State 86

   52 CONDITION: T_LNOT . CONDITION

    T_LBRACKET  shift, and go to state 85
    T_LNOT      shift, and go to state 86
    T_MINUS     shift, and go to state 22
    T_NUMBER    shift, and go to state 23
    T_ID        shift, and go to state 24

    CONDITION  go to state 105
    EXPR       go to state 88
    TERM       go to state 26
    FACTOR     go to state 27
    NUMBER     go to state 28
    ID         go to state 29


State 87

   46 IF_STATEMENT: T_IF CONDITION . T_LCUBRACKET BODY T_RCUBRACKET
   49 CONDITION: CONDITION . T_LEQUAL CONDITION
   50          | CONDITION . T_LAND CONDITION
   51          | CONDITION . T_LOR CONDITION
   53          | CONDITION . T_LNOTEQUAL CONDITION
   54          | CONDITION . T_LMORE CONDITION
   55          | CONDITION . T_LLESS CONDITION
   56          | CONDITION . T_LMOREEQUAL CONDITION
   57          | CONDITION . T_LLESSEQUAL CONDITION

    T_LCUBRACKET  shift, and go to state 106
    T_LAND        shift, and go to state 107
    T_LOR         shift, and go to state 108
    T_LEQUAL      shift, and go to state 109
    T_LNOTEQUAL   shift, and go to state 110
    T_LLESSEQUAL  shift, and go to state 111
    T_LMOREEQUAL  shift, and go to state 112
    T_LMORE       shift, and go to state 113
    T_LLESS       shift, and go to state 114


State 88

   58 CONDITION: EXPR .
   61 EXPR: EXPR . T_PLUS TERM
   62     | EXPR . T_MINUS TERM

    T_PLUS   shift, and go to state 40
    T_MINUS  shift, and go to state 41

    $default  reduce using rule 58 (CONDITION)


State 89

   44 WHILE_STATEMENT: T_WHILE CONDITION . T_LCUBRACKET BODY T_RCUBRACKET
   49 CONDITION: CONDITION . T_LEQUAL CONDITION
   50          | CONDITION . T_LAND CONDITION
   51          | CONDITION . T_LOR CONDITION
   53          | CONDITION . T_LNOTEQUAL CONDITION
   54          | CONDITION . T_LMORE CONDITION
   55          | CONDITION . T_LLESS CONDITION
   56          | CONDITION . T_LMOREEQUAL CONDITION
   57          | CONDITION . T_LLESSEQUAL CONDITION

    T_LCUBRACKET  shift, and go to state 115
    T_LAND        shift, and go to state 107
    T_LOR         shift, and go to state 108
    T_LEQUAL      shift, and go to state 109
    T_LNOTEQUAL   shift, and go to state 110
    T_LLESSEQUAL  shift, and go to state 111
    T_LMOREEQUAL  shift, and go to state 112
    T_LMORE       shift, and go to state 113
    T_LLESS       shift, and go to state 114


State 90

   45 DO_STATEMENT: T_DO T_LCUBRACKET . BODY T_RCUBRACKET T_WHILE CONDITION T_SEMICOLON

    T_LCUBRACKET  shift, and go to state 59
    T_LBRACKET    shift, and go to state 21
    T_INT         shift, and go to state 1
    T_DOUBLE      shift, and go to state 2
    T_STRING      shift, and go to state 3
    T_VOID        shift, and go to state 4
    T_LONG        shift, and go to state 5
    T_MINUS       shift, and go to state 22
    T_NUMBER      shift, and go to state 23
    T_ID          shift, and go to state 60
    T_RETURN      shift, and go to state 61
    T_IF          shift, and go to state 62
    T_WHILE       shift, and go to state 63
    T_DO          shift, and go to state 64

    T_LCUBRACKET  [reduce using rule 23 (BODY)]
    T_LBRACKET    [reduce using rule 23 (BODY)]
    T_INT         [reduce using rule 23 (BODY)]
    T_DOUBLE      [reduce using rule 23 (BODY)]
    T_STRING      [reduce using rule 23 (BODY)]
    T_VOID        [reduce using rule 23 (BODY)]
    T_LONG        [reduce using rule 23 (BODY)]
    T_MINUS       [reduce using rule 23 (BODY)]
    T_NUMBER      [reduce using rule 23 (BODY)]
    T_ID          [reduce using rule 23 (BODY)]
    T_RETURN      [reduce using rule 23 (BODY)]
    T_IF          [reduce using rule 23 (BODY)]
    T_WHILE       [reduce using rule 23 (BODY)]
    T_DO          [reduce using rule 23 (BODY)]
    $default      reduce using rule 23 (BODY)

    TYPE                go to state 65
    BODY                go to state 116
    STATEMENT           go to state 67
    NEW_SCOPE           go to state 68
    RETURN_STATEMENT    go to state 69
    DEC_VARIABLE        go to state 70
    FUNCTION_STATEMENT  go to state 71
    IFANDORELSEORELIF   go to state 72
    IFANDORELIF         go to state 73
    WHILE_STATEMENT     go to state 74
    DO_STATEMENT        go to state 75
    IF_STATEMENT        go to state 76
    EXPR                go to state 77
    TERM                go to state 26
    FACTOR              go to state 27
    NUMBER              go to state 28
    ID                  go to state 29


State 91

   35 DEC_VARIABLE: TYPE T_ID . T_ASSIGN EXPR T_SEMICOLON
   36             | TYPE T_ID . T_SEMICOLON

    T_ASSIGN     shift, and go to state 117
    T_SEMICOLON  shift, and go to state 118


State 92

    7 DEC_FUNCTION: TYPE T_ID T_LBRACKET ARGUMENT_LIST T_RBRACKET T_LCUBRACKET BODY T_RCUBRACKET .

    $default  reduce using rule 7 (DEC_FUNCTION)


State 93

   21 BODY: BODY STATEMENT .

    $default  reduce using rule 21 (BODY)


State 94

   47 ELSE_IF_STATEMENT: T_ELSE . T_IF CONDITION T_LCUBRACKET BODY T_RCUBRACKET
   48 ELSE_STATEMENT: T_ELSE . T_LCUBRACKET BODY T_RCUBRACKET

    T_LCUBRACKET  shift, and go to state 119
    T_IF          shift, and go to state 120


State 95

   42 IFANDORELIF: IFANDORELIF ELSE_IF_STATEMENT .

    $default  reduce using rule 42 (IFANDORELIF)


State 96

   40 IFANDORELSEORELIF: IFANDORELIF ELSE_STATEMENT .

    $default  reduce using rule 40 (IFANDORELSEORELIF)


State 97

   27 STATEMENT: EXPR T_SEMICOLON .

    $default  reduce using rule 27 (STATEMENT)


State 98

   12 ARGUMENT_LIST_NO_TYPE: ARGUMENT_LIST_NO_TYPE T_COMMA NUMBER .

    $default  reduce using rule 12 (ARGUMENT_LIST_NO_TYPE)


State 99

   11 ARGUMENT_LIST_NO_TYPE: ARGUMENT_LIST_NO_TYPE T_COMMA ID .

    $default  reduce using rule 11 (ARGUMENT_LIST_NO_TYPE)


State 100

   32 NEW_SCOPE: T_LCUBRACKET BODY T_RCUBRACKET .

    $default  reduce using rule 32 (NEW_SCOPE)


State 101

   11 ARGUMENT_LIST_NO_TYPE: ARGUMENT_LIST_NO_TYPE . T_COMMA ID
   12                      | ARGUMENT_LIST_NO_TYPE . T_COMMA NUMBER
   39 FUNCTION_STATEMENT: T_ID T_LBRACKET ARGUMENT_LIST_NO_TYPE . T_RBRACKET T_SEMICOLON
   70 FACTOR: T_ID T_LBRACKET ARGUMENT_LIST_NO_TYPE . T_RBRACKET

    T_RBRACKET  shift, and go to state 121
    T_COMMA     shift, and go to state 80


State 102

   34 RETURN_STATEMENT: T_RETURN EXPR T_SEMICOLON .

    $default  reduce using rule 34 (RETURN_STATEMENT)


State 103

   49 CONDITION: CONDITION . T_LEQUAL CONDITION
   50          | CONDITION . T_LAND CONDITION
   51          | CONDITION . T_LOR CONDITION
   53          | CONDITION . T_LNOTEQUAL CONDITION
   54          | CONDITION . T_LMORE CONDITION
   55          | CONDITION . T_LLESS CONDITION
   56          | CONDITION . T_LMOREEQUAL CONDITION
   57          | CONDITION . T_LLESSEQUAL CONDITION
   59          | T_LBRACKET CONDITION . T_RBRACKET

    T_RBRACKET    shift, and go to state 122
    T_LAND        shift, and go to state 107
    T_LOR         shift, and go to state 108
    T_LEQUAL      shift, and go to state 109
    T_LNOTEQUAL   shift, and go to state 110
    T_LLESSEQUAL  shift, and go to state 111
    T_LMOREEQUAL  shift, and go to state 112
    T_LMORE       shift, and go to state 113
    T_LLESS       shift, and go to state 114


State 104

   58 CONDITION: EXPR .
   61 EXPR: EXPR . T_PLUS TERM
   62     | EXPR . T_MINUS TERM
   69 FACTOR: T_LBRACKET EXPR . T_RBRACKET

    T_RBRACKET  shift, and go to state 46
    T_PLUS      shift, and go to state 40
    T_MINUS     shift, and go to state 41

    T_RBRACKET  [reduce using rule 58 (CONDITION)]
    $default    reduce using rule 58 (CONDITION)


State 105

   49 CONDITION: CONDITION . T_LEQUAL CONDITION
   50          | CONDITION . T_LAND CONDITION
   51          | CONDITION . T_LOR CONDITION
   52          | T_LNOT CONDITION .
   53          | CONDITION . T_LNOTEQUAL CONDITION
   54          | CONDITION . T_LMORE CONDITION
   55          | CONDITION . T_LLESS CONDITION
   56          | CONDITION . T_LMOREEQUAL CONDITION
   57          | CONDITION . T_LLESSEQUAL CONDITION

    T_LAND        shift, and go to state 107
    T_LOR         shift, and go to state 108
    T_LEQUAL      shift, and go to state 109
    T_LNOTEQUAL   shift, and go to state 110
    T_LLESSEQUAL  shift, and go to state 111
    T_LMOREEQUAL  shift, and go to state 112
    T_LMORE       shift, and go to state 113
    T_LLESS       shift, and go to state 114

    T_LAND        [reduce using rule 52 (CONDITION)]
    T_LOR         [reduce using rule 52 (CONDITION)]
    T_LEQUAL      [reduce using rule 52 (CONDITION)]
    T_LNOTEQUAL   [reduce using rule 52 (CONDITION)]
    T_LLESSEQUAL  [reduce using rule 52 (CONDITION)]
    T_LMOREEQUAL  [reduce using rule 52 (CONDITION)]
    T_LMORE       [reduce using rule 52 (CONDITION)]
    T_LLESS       [reduce using rule 52 (CONDITION)]
    $default      reduce using rule 52 (CONDITION)


State 106

   46 IF_STATEMENT: T_IF CONDITION T_LCUBRACKET . BODY T_RCUBRACKET

    T_LCUBRACKET  shift, and go to state 59
    T_LBRACKET    shift, and go to state 21
    T_INT         shift, and go to state 1
    T_DOUBLE      shift, and go to state 2
    T_STRING      shift, and go to state 3
    T_VOID        shift, and go to state 4
    T_LONG        shift, and go to state 5
    T_MINUS       shift, and go to state 22
    T_NUMBER      shift, and go to state 23
    T_ID          shift, and go to state 60
    T_RETURN      shift, and go to state 61
    T_IF          shift, and go to state 62
    T_WHILE       shift, and go to state 63
    T_DO          shift, and go to state 64

    T_LCUBRACKET  [reduce using rule 23 (BODY)]
    T_LBRACKET    [reduce using rule 23 (BODY)]
    T_INT         [reduce using rule 23 (BODY)]
    T_DOUBLE      [reduce using rule 23 (BODY)]
    T_STRING      [reduce using rule 23 (BODY)]
    T_VOID        [reduce using rule 23 (BODY)]
    T_LONG        [reduce using rule 23 (BODY)]
    T_MINUS       [reduce using rule 23 (BODY)]
    T_NUMBER      [reduce using rule 23 (BODY)]
    T_ID          [reduce using rule 23 (BODY)]
    T_RETURN      [reduce using rule 23 (BODY)]
    T_IF          [reduce using rule 23 (BODY)]
    T_WHILE       [reduce using rule 23 (BODY)]
    T_DO          [reduce using rule 23 (BODY)]
    $default      reduce using rule 23 (BODY)

    TYPE                go to state 65
    BODY                go to state 123
    STATEMENT           go to state 67
    NEW_SCOPE           go to state 68
    RETURN_STATEMENT    go to state 69
    DEC_VARIABLE        go to state 70
    FUNCTION_STATEMENT  go to state 71
    IFANDORELSEORELIF   go to state 72
    IFANDORELIF         go to state 73
    WHILE_STATEMENT     go to state 74
    DO_STATEMENT        go to state 75
    IF_STATEMENT        go to state 76
    EXPR                go to state 77
    TERM                go to state 26
    FACTOR              go to state 27
    NUMBER              go to state 28
    ID                  go to state 29


State 107

   50 CONDITION: CONDITION T_LAND . CONDITION

    T_LBRACKET  shift, and go to state 85
    T_LNOT      shift, and go to state 86
    T_MINUS     shift, and go to state 22
    T_NUMBER    shift, and go to state 23
    T_ID        shift, and go to state 24

    CONDITION  go to state 124
    EXPR       go to state 88
    TERM       go to state 26
    FACTOR     go to state 27
    NUMBER     go to state 28
    ID         go to state 29


State 108

   51 CONDITION: CONDITION T_LOR . CONDITION

    T_LBRACKET  shift, and go to state 85
    T_LNOT      shift, and go to state 86
    T_MINUS     shift, and go to state 22
    T_NUMBER    shift, and go to state 23
    T_ID        shift, and go to state 24

    CONDITION  go to state 125
    EXPR       go to state 88
    TERM       go to state 26
    FACTOR     go to state 27
    NUMBER     go to state 28
    ID         go to state 29


State 109

   49 CONDITION: CONDITION T_LEQUAL . CONDITION

    T_LBRACKET  shift, and go to state 85
    T_LNOT      shift, and go to state 86
    T_MINUS     shift, and go to state 22
    T_NUMBER    shift, and go to state 23
    T_ID        shift, and go to state 24

    CONDITION  go to state 126
    EXPR       go to state 88
    TERM       go to state 26
    FACTOR     go to state 27
    NUMBER     go to state 28
    ID         go to state 29


State 110

   53 CONDITION: CONDITION T_LNOTEQUAL . CONDITION

    T_LBRACKET  shift, and go to state 85
    T_LNOT      shift, and go to state 86
    T_MINUS     shift, and go to state 22
    T_NUMBER    shift, and go to state 23
    T_ID        shift, and go to state 24

    CONDITION  go to state 127
    EXPR       go to state 88
    TERM       go to state 26
    FACTOR     go to state 27
    NUMBER     go to state 28
    ID         go to state 29


State 111

   57 CONDITION: CONDITION T_LLESSEQUAL . CONDITION

    T_LBRACKET  shift, and go to state 85
    T_LNOT      shift, and go to state 86
    T_MINUS     shift, and go to state 22
    T_NUMBER    shift, and go to state 23
    T_ID        shift, and go to state 24

    CONDITION  go to state 128
    EXPR       go to state 88
    TERM       go to state 26
    FACTOR     go to state 27
    NUMBER     go to state 28
    ID         go to state 29


State 112

   56 CONDITION: CONDITION T_LMOREEQUAL . CONDITION

    T_LBRACKET  shift, and go to state 85
    T_LNOT      shift, and go to state 86
    T_MINUS     shift, and go to state 22
    T_NUMBER    shift, and go to state 23
    T_ID        shift, and go to state 24

    CONDITION  go to state 129
    EXPR       go to state 88
    TERM       go to state 26
    FACTOR     go to state 27
    NUMBER     go to state 28
    ID         go to state 29


State 113

   54 CONDITION: CONDITION T_LMORE . CONDITION

    T_LBRACKET  shift, and go to state 85
    T_LNOT      shift, and go to state 86
    T_MINUS     shift, and go to state 22
    T_NUMBER    shift, and go to state 23
    T_ID        shift, and go to state 24

    CONDITION  go to state 130
    EXPR       go to state 88
    TERM       go to state 26
    FACTOR     go to state 27
    NUMBER     go to state 28
    ID         go to state 29


State 114

   55 CONDITION: CONDITION T_LLESS . CONDITION

    T_LBRACKET  shift, and go to state 85
    T_LNOT      shift, and go to state 86
    T_MINUS     shift, and go to state 22
    T_NUMBER    shift, and go to state 23
    T_ID        shift, and go to state 24

    CONDITION  go to state 131
    EXPR       go to state 88
    TERM       go to state 26
    FACTOR     go to state 27
    NUMBER     go to state 28
    ID         go to state 29


State 115

   44 WHILE_STATEMENT: T_WHILE CONDITION T_LCUBRACKET . BODY T_RCUBRACKET

    T_LCUBRACKET  shift, and go to state 59
    T_LBRACKET    shift, and go to state 21
    T_INT         shift, and go to state 1
    T_DOUBLE      shift, and go to state 2
    T_STRING      shift, and go to state 3
    T_VOID        shift, and go to state 4
    T_LONG        shift, and go to state 5
    T_MINUS       shift, and go to state 22
    T_NUMBER      shift, and go to state 23
    T_ID          shift, and go to state 60
    T_RETURN      shift, and go to state 61
    T_IF          shift, and go to state 62
    T_WHILE       shift, and go to state 63
    T_DO          shift, and go to state 64

    T_LCUBRACKET  [reduce using rule 23 (BODY)]
    T_LBRACKET    [reduce using rule 23 (BODY)]
    T_INT         [reduce using rule 23 (BODY)]
    T_DOUBLE      [reduce using rule 23 (BODY)]
    T_STRING      [reduce using rule 23 (BODY)]
    T_VOID        [reduce using rule 23 (BODY)]
    T_LONG        [reduce using rule 23 (BODY)]
    T_MINUS       [reduce using rule 23 (BODY)]
    T_NUMBER      [reduce using rule 23 (BODY)]
    T_ID          [reduce using rule 23 (BODY)]
    T_RETURN      [reduce using rule 23 (BODY)]
    T_IF          [reduce using rule 23 (BODY)]
    T_WHILE       [reduce using rule 23 (BODY)]
    T_DO          [reduce using rule 23 (BODY)]
    $default      reduce using rule 23 (BODY)

    TYPE                go to state 65
    BODY                go to state 132
    STATEMENT           go to state 67
    NEW_SCOPE           go to state 68
    RETURN_STATEMENT    go to state 69
    DEC_VARIABLE        go to state 70
    FUNCTION_STATEMENT  go to state 71
    IFANDORELSEORELIF   go to state 72
    IFANDORELIF         go to state 73
    WHILE_STATEMENT     go to state 74
    DO_STATEMENT        go to state 75
    IF_STATEMENT        go to state 76
    EXPR                go to state 77
    TERM                go to state 26
    FACTOR              go to state 27
    NUMBER              go to state 28
    ID                  go to state 29


State 116

   21 BODY: BODY . STATEMENT
   45 DO_STATEMENT: T_DO T_LCUBRACKET BODY . T_RCUBRACKET T_WHILE CONDITION T_SEMICOLON

    T_LCUBRACKET  shift, and go to state 59
    T_RCUBRACKET  shift, and go to state 133
    T_LBRACKET    shift, and go to state 21
    T_INT         shift, and go to state 1
    T_DOUBLE      shift, and go to state 2
    T_STRING      shift, and go to state 3
    T_VOID        shift, and go to state 4
    T_LONG        shift, and go to state 5
    T_MINUS       shift, and go to state 22
    T_NUMBER      shift, and go to state 23
    T_ID          shift, and go to state 60
    T_RETURN      shift, and go to state 61
    T_IF          shift, and go to state 62
    T_WHILE       shift, and go to state 63
    T_DO          shift, and go to state 64

    TYPE                go to state 65
    STATEMENT           go to state 93
    NEW_SCOPE           go to state 68
    RETURN_STATEMENT    go to state 69
    DEC_VARIABLE        go to state 70
    FUNCTION_STATEMENT  go to state 71
    IFANDORELSEORELIF   go to state 72
    IFANDORELIF         go to state 73
    WHILE_STATEMENT     go to state 74
    DO_STATEMENT        go to state 75
    IF_STATEMENT        go to state 76
    EXPR                go to state 77
    TERM                go to state 26
    FACTOR              go to state 27
    NUMBER              go to state 28
    ID                  go to state 29


State 117

   35 DEC_VARIABLE: TYPE T_ID T_ASSIGN . EXPR T_SEMICOLON

    T_LBRACKET  shift, and go to state 21
    T_MINUS     shift, and go to state 22
    T_NUMBER    shift, and go to state 23
    T_ID        shift, and go to state 24

    EXPR    go to state 134
    TERM    go to state 26
    FACTOR  go to state 27
    NUMBER  go to state 28
    ID      go to state 29


State 118

   36 DEC_VARIABLE: TYPE T_ID T_SEMICOLON .

    $default  reduce using rule 36 (DEC_VARIABLE)


State 119

   48 ELSE_STATEMENT: T_ELSE T_LCUBRACKET . BODY T_RCUBRACKET

    T_LCUBRACKET  shift, and go to state 59
    T_LBRACKET    shift, and go to state 21
    T_INT         shift, and go to state 1
    T_DOUBLE      shift, and go to state 2
    T_STRING      shift, and go to state 3
    T_VOID        shift, and go to state 4
    T_LONG        shift, and go to state 5
    T_MINUS       shift, and go to state 22
    T_NUMBER      shift, and go to state 23
    T_ID          shift, and go to state 60
    T_RETURN      shift, and go to state 61
    T_IF          shift, and go to state 62
    T_WHILE       shift, and go to state 63
    T_DO          shift, and go to state 64

    T_LCUBRACKET  [reduce using rule 23 (BODY)]
    T_LBRACKET    [reduce using rule 23 (BODY)]
    T_INT         [reduce using rule 23 (BODY)]
    T_DOUBLE      [reduce using rule 23 (BODY)]
    T_STRING      [reduce using rule 23 (BODY)]
    T_VOID        [reduce using rule 23 (BODY)]
    T_LONG        [reduce using rule 23 (BODY)]
    T_MINUS       [reduce using rule 23 (BODY)]
    T_NUMBER      [reduce using rule 23 (BODY)]
    T_ID          [reduce using rule 23 (BODY)]
    T_RETURN      [reduce using rule 23 (BODY)]
    T_IF          [reduce using rule 23 (BODY)]
    T_WHILE       [reduce using rule 23 (BODY)]
    T_DO          [reduce using rule 23 (BODY)]
    $default      reduce using rule 23 (BODY)

    TYPE                go to state 65
    BODY                go to state 135
    STATEMENT           go to state 67
    NEW_SCOPE           go to state 68
    RETURN_STATEMENT    go to state 69
    DEC_VARIABLE        go to state 70
    FUNCTION_STATEMENT  go to state 71
    IFANDORELSEORELIF   go to state 72
    IFANDORELIF         go to state 73
    WHILE_STATEMENT     go to state 74
    DO_STATEMENT        go to state 75
    IF_STATEMENT        go to state 76
    EXPR                go to state 77
    TERM                go to state 26
    FACTOR              go to state 27
    NUMBER              go to state 28
    ID                  go to state 29


State 120

   47 ELSE_IF_STATEMENT: T_ELSE T_IF . CONDITION T_LCUBRACKET BODY T_RCUBRACKET

    T_LBRACKET  shift, and go to state 85
    T_LNOT      shift, and go to state 86
    T_MINUS     shift, and go to state 22
    T_NUMBER    shift, and go to state 23
    T_ID        shift, and go to state 24

    CONDITION  go to state 136
    EXPR       go to state 88
    TERM       go to state 26
    FACTOR     go to state 27
    NUMBER     go to state 28
    ID         go to state 29


State 121

   39 FUNCTION_STATEMENT: T_ID T_LBRACKET ARGUMENT_LIST_NO_TYPE T_RBRACKET . T_SEMICOLON
   70 FACTOR: T_ID T_LBRACKET ARGUMENT_LIST_NO_TYPE T_RBRACKET .

    T_SEMICOLON  shift, and go to state 137

    T_SEMICOLON  [reduce using rule 70 (FACTOR)]
    $default     reduce using rule 70 (FACTOR)


State 122

   59 CONDITION: T_LBRACKET CONDITION T_RBRACKET .

    $default  reduce using rule 59 (CONDITION)


State 123

   21 BODY: BODY . STATEMENT
   46 IF_STATEMENT: T_IF CONDITION T_LCUBRACKET BODY . T_RCUBRACKET

    T_LCUBRACKET  shift, and go to state 59
    T_RCUBRACKET  shift, and go to state 138
    T_LBRACKET    shift, and go to state 21
    T_INT         shift, and go to state 1
    T_DOUBLE      shift, and go to state 2
    T_STRING      shift, and go to state 3
    T_VOID        shift, and go to state 4
    T_LONG        shift, and go to state 5
    T_MINUS       shift, and go to state 22
    T_NUMBER      shift, and go to state 23
    T_ID          shift, and go to state 60
    T_RETURN      shift, and go to state 61
    T_IF          shift, and go to state 62
    T_WHILE       shift, and go to state 63
    T_DO          shift, and go to state 64

    TYPE                go to state 65
    STATEMENT           go to state 93
    NEW_SCOPE           go to state 68
    RETURN_STATEMENT    go to state 69
    DEC_VARIABLE        go to state 70
    FUNCTION_STATEMENT  go to state 71
    IFANDORELSEORELIF   go to state 72
    IFANDORELIF         go to state 73
    WHILE_STATEMENT     go to state 74
    DO_STATEMENT        go to state 75
    IF_STATEMENT        go to state 76
    EXPR                go to state 77
    TERM                go to state 26
    FACTOR              go to state 27
    NUMBER              go to state 28
    ID                  go to state 29


State 124

   49 CONDITION: CONDITION . T_LEQUAL CONDITION
   50          | CONDITION . T_LAND CONDITION
   50          | CONDITION T_LAND CONDITION .
   51          | CONDITION . T_LOR CONDITION
   53          | CONDITION . T_LNOTEQUAL CONDITION
   54          | CONDITION . T_LMORE CONDITION
   55          | CONDITION . T_LLESS CONDITION
   56          | CONDITION . T_LMOREEQUAL CONDITION
   57          | CONDITION . T_LLESSEQUAL CONDITION

    T_LAND        shift, and go to state 107
    T_LOR         shift, and go to state 108
    T_LEQUAL      shift, and go to state 109
    T_LNOTEQUAL   shift, and go to state 110
    T_LLESSEQUAL  shift, and go to state 111
    T_LMOREEQUAL  shift, and go to state 112
    T_LMORE       shift, and go to state 113
    T_LLESS       shift, and go to state 114

    T_LAND        [reduce using rule 50 (CONDITION)]
    T_LOR         [reduce using rule 50 (CONDITION)]
    T_LEQUAL      [reduce using rule 50 (CONDITION)]
    T_LNOTEQUAL   [reduce using rule 50 (CONDITION)]
    T_LLESSEQUAL  [reduce using rule 50 (CONDITION)]
    T_LMOREEQUAL  [reduce using rule 50 (CONDITION)]
    T_LMORE       [reduce using rule 50 (CONDITION)]
    T_LLESS       [reduce using rule 50 (CONDITION)]
    $default      reduce using rule 50 (CONDITION)


State 125

   49 CONDITION: CONDITION . T_LEQUAL CONDITION
   50          | CONDITION . T_LAND CONDITION
   51          | CONDITION . T_LOR CONDITION
   51          | CONDITION T_LOR CONDITION .
   53          | CONDITION . T_LNOTEQUAL CONDITION
   54          | CONDITION . T_LMORE CONDITION
   55          | CONDITION . T_LLESS CONDITION
   56          | CONDITION . T_LMOREEQUAL CONDITION
   57          | CONDITION . T_LLESSEQUAL CONDITION

    T_LAND        shift, and go to state 107
    T_LOR         shift, and go to state 108
    T_LEQUAL      shift, and go to state 109
    T_LNOTEQUAL   shift, and go to state 110
    T_LLESSEQUAL  shift, and go to state 111
    T_LMOREEQUAL  shift, and go to state 112
    T_LMORE       shift, and go to state 113
    T_LLESS       shift, and go to state 114

    T_LAND        [reduce using rule 51 (CONDITION)]
    T_LOR         [reduce using rule 51 (CONDITION)]
    T_LEQUAL      [reduce using rule 51 (CONDITION)]
    T_LNOTEQUAL   [reduce using rule 51 (CONDITION)]
    T_LLESSEQUAL  [reduce using rule 51 (CONDITION)]
    T_LMOREEQUAL  [reduce using rule 51 (CONDITION)]
    T_LMORE       [reduce using rule 51 (CONDITION)]
    T_LLESS       [reduce using rule 51 (CONDITION)]
    $default      reduce using rule 51 (CONDITION)


State 126

   49 CONDITION: CONDITION . T_LEQUAL CONDITION
   49          | CONDITION T_LEQUAL CONDITION .
   50          | CONDITION . T_LAND CONDITION
   51          | CONDITION . T_LOR CONDITION
   53          | CONDITION . T_LNOTEQUAL CONDITION
   54          | CONDITION . T_LMORE CONDITION
   55          | CONDITION . T_LLESS CONDITION
   56          | CONDITION . T_LMOREEQUAL CONDITION
   57          | CONDITION . T_LLESSEQUAL CONDITION

    T_LAND        shift, and go to state 107
    T_LOR         shift, and go to state 108
    T_LEQUAL      shift, and go to state 109
    T_LNOTEQUAL   shift, and go to state 110
    T_LLESSEQUAL  shift, and go to state 111
    T_LMOREEQUAL  shift, and go to state 112
    T_LMORE       shift, and go to state 113
    T_LLESS       shift, and go to state 114

    T_LAND        [reduce using rule 49 (CONDITION)]
    T_LOR         [reduce using rule 49 (CONDITION)]
    T_LEQUAL      [reduce using rule 49 (CONDITION)]
    T_LNOTEQUAL   [reduce using rule 49 (CONDITION)]
    T_LLESSEQUAL  [reduce using rule 49 (CONDITION)]
    T_LMOREEQUAL  [reduce using rule 49 (CONDITION)]
    T_LMORE       [reduce using rule 49 (CONDITION)]
    T_LLESS       [reduce using rule 49 (CONDITION)]
    $default      reduce using rule 49 (CONDITION)


State 127

   49 CONDITION: CONDITION . T_LEQUAL CONDITION
   50          | CONDITION . T_LAND CONDITION
   51          | CONDITION . T_LOR CONDITION
   53          | CONDITION . T_LNOTEQUAL CONDITION
   53          | CONDITION T_LNOTEQUAL CONDITION .
   54          | CONDITION . T_LMORE CONDITION
   55          | CONDITION . T_LLESS CONDITION
   56          | CONDITION . T_LMOREEQUAL CONDITION
   57          | CONDITION . T_LLESSEQUAL CONDITION

    T_LAND        shift, and go to state 107
    T_LOR         shift, and go to state 108
    T_LEQUAL      shift, and go to state 109
    T_LNOTEQUAL   shift, and go to state 110
    T_LLESSEQUAL  shift, and go to state 111
    T_LMOREEQUAL  shift, and go to state 112
    T_LMORE       shift, and go to state 113
    T_LLESS       shift, and go to state 114

    T_LAND        [reduce using rule 53 (CONDITION)]
    T_LOR         [reduce using rule 53 (CONDITION)]
    T_LEQUAL      [reduce using rule 53 (CONDITION)]
    T_LNOTEQUAL   [reduce using rule 53 (CONDITION)]
    T_LLESSEQUAL  [reduce using rule 53 (CONDITION)]
    T_LMOREEQUAL  [reduce using rule 53 (CONDITION)]
    T_LMORE       [reduce using rule 53 (CONDITION)]
    T_LLESS       [reduce using rule 53 (CONDITION)]
    $default      reduce using rule 53 (CONDITION)


State 128

   49 CONDITION: CONDITION . T_LEQUAL CONDITION
   50          | CONDITION . T_LAND CONDITION
   51          | CONDITION . T_LOR CONDITION
   53          | CONDITION . T_LNOTEQUAL CONDITION
   54          | CONDITION . T_LMORE CONDITION
   55          | CONDITION . T_LLESS CONDITION
   56          | CONDITION . T_LMOREEQUAL CONDITION
   57          | CONDITION . T_LLESSEQUAL CONDITION
   57          | CONDITION T_LLESSEQUAL CONDITION .

    T_LAND        shift, and go to state 107
    T_LOR         shift, and go to state 108
    T_LEQUAL      shift, and go to state 109
    T_LNOTEQUAL   shift, and go to state 110
    T_LLESSEQUAL  shift, and go to state 111
    T_LMOREEQUAL  shift, and go to state 112
    T_LMORE       shift, and go to state 113
    T_LLESS       shift, and go to state 114

    T_LAND        [reduce using rule 57 (CONDITION)]
    T_LOR         [reduce using rule 57 (CONDITION)]
    T_LEQUAL      [reduce using rule 57 (CONDITION)]
    T_LNOTEQUAL   [reduce using rule 57 (CONDITION)]
    T_LLESSEQUAL  [reduce using rule 57 (CONDITION)]
    T_LMOREEQUAL  [reduce using rule 57 (CONDITION)]
    T_LMORE       [reduce using rule 57 (CONDITION)]
    T_LLESS       [reduce using rule 57 (CONDITION)]
    $default      reduce using rule 57 (CONDITION)


State 129

   49 CONDITION: CONDITION . T_LEQUAL CONDITION
   50          | CONDITION . T_LAND CONDITION
   51          | CONDITION . T_LOR CONDITION
   53          | CONDITION . T_LNOTEQUAL CONDITION
   54          | CONDITION . T_LMORE CONDITION
   55          | CONDITION . T_LLESS CONDITION
   56          | CONDITION . T_LMOREEQUAL CONDITION
   56          | CONDITION T_LMOREEQUAL CONDITION .
   57          | CONDITION . T_LLESSEQUAL CONDITION

    T_LAND        shift, and go to state 107
    T_LOR         shift, and go to state 108
    T_LEQUAL      shift, and go to state 109
    T_LNOTEQUAL   shift, and go to state 110
    T_LLESSEQUAL  shift, and go to state 111
    T_LMOREEQUAL  shift, and go to state 112
    T_LMORE       shift, and go to state 113
    T_LLESS       shift, and go to state 114

    T_LAND        [reduce using rule 56 (CONDITION)]
    T_LOR         [reduce using rule 56 (CONDITION)]
    T_LEQUAL      [reduce using rule 56 (CONDITION)]
    T_LNOTEQUAL   [reduce using rule 56 (CONDITION)]
    T_LLESSEQUAL  [reduce using rule 56 (CONDITION)]
    T_LMOREEQUAL  [reduce using rule 56 (CONDITION)]
    T_LMORE       [reduce using rule 56 (CONDITION)]
    T_LLESS       [reduce using rule 56 (CONDITION)]
    $default      reduce using rule 56 (CONDITION)


State 130

   49 CONDITION: CONDITION . T_LEQUAL CONDITION
   50          | CONDITION . T_LAND CONDITION
   51          | CONDITION . T_LOR CONDITION
   53          | CONDITION . T_LNOTEQUAL CONDITION
   54          | CONDITION . T_LMORE CONDITION
   54          | CONDITION T_LMORE CONDITION .
   55          | CONDITION . T_LLESS CONDITION
   56          | CONDITION . T_LMOREEQUAL CONDITION
   57          | CONDITION . T_LLESSEQUAL CONDITION

    T_LAND        shift, and go to state 107
    T_LOR         shift, and go to state 108
    T_LEQUAL      shift, and go to state 109
    T_LNOTEQUAL   shift, and go to state 110
    T_LLESSEQUAL  shift, and go to state 111
    T_LMOREEQUAL  shift, and go to state 112
    T_LMORE       shift, and go to state 113
    T_LLESS       shift, and go to state 114

    T_LAND        [reduce using rule 54 (CONDITION)]
    T_LOR         [reduce using rule 54 (CONDITION)]
    T_LEQUAL      [reduce using rule 54 (CONDITION)]
    T_LNOTEQUAL   [reduce using rule 54 (CONDITION)]
    T_LLESSEQUAL  [reduce using rule 54 (CONDITION)]
    T_LMOREEQUAL  [reduce using rule 54 (CONDITION)]
    T_LMORE       [reduce using rule 54 (CONDITION)]
    T_LLESS       [reduce using rule 54 (CONDITION)]
    $default      reduce using rule 54 (CONDITION)


State 131

   49 CONDITION: CONDITION . T_LEQUAL CONDITION
   50          | CONDITION . T_LAND CONDITION
   51          | CONDITION . T_LOR CONDITION
   53          | CONDITION . T_LNOTEQUAL CONDITION
   54          | CONDITION . T_LMORE CONDITION
   55          | CONDITION . T_LLESS CONDITION
   55          | CONDITION T_LLESS CONDITION .
   56          | CONDITION . T_LMOREEQUAL CONDITION
   57          | CONDITION . T_LLESSEQUAL CONDITION

    T_LAND        shift, and go to state 107
    T_LOR         shift, and go to state 108
    T_LEQUAL      shift, and go to state 109
    T_LNOTEQUAL   shift, and go to state 110
    T_LLESSEQUAL  shift, and go to state 111
    T_LMOREEQUAL  shift, and go to state 112
    T_LMORE       shift, and go to state 113
    T_LLESS       shift, and go to state 114

    T_LAND        [reduce using rule 55 (CONDITION)]
    T_LOR         [reduce using rule 55 (CONDITION)]
    T_LEQUAL      [reduce using rule 55 (CONDITION)]
    T_LNOTEQUAL   [reduce using rule 55 (CONDITION)]
    T_LLESSEQUAL  [reduce using rule 55 (CONDITION)]
    T_LMOREEQUAL  [reduce using rule 55 (CONDITION)]
    T_LMORE       [reduce using rule 55 (CONDITION)]
    T_LLESS       [reduce using rule 55 (CONDITION)]
    $default      reduce using rule 55 (CONDITION)


State 132

   21 BODY: BODY . STATEMENT
   44 WHILE_STATEMENT: T_WHILE CONDITION T_LCUBRACKET BODY . T_RCUBRACKET

    T_LCUBRACKET  shift, and go to state 59
    T_RCUBRACKET  shift, and go to state 139
    T_LBRACKET    shift, and go to state 21
    T_INT         shift, and go to state 1
    T_DOUBLE      shift, and go to state 2
    T_STRING      shift, and go to state 3
    T_VOID        shift, and go to state 4
    T_LONG        shift, and go to state 5
    T_MINUS       shift, and go to state 22
    T_NUMBER      shift, and go to state 23
    T_ID          shift, and go to state 60
    T_RETURN      shift, and go to state 61
    T_IF          shift, and go to state 62
    T_WHILE       shift, and go to state 63
    T_DO          shift, and go to state 64

    TYPE                go to state 65
    STATEMENT           go to state 93
    NEW_SCOPE           go to state 68
    RETURN_STATEMENT    go to state 69
    DEC_VARIABLE        go to state 70
    FUNCTION_STATEMENT  go to state 71
    IFANDORELSEORELIF   go to state 72
    IFANDORELIF         go to state 73
    WHILE_STATEMENT     go to state 74
    DO_STATEMENT        go to state 75
    IF_STATEMENT        go to state 76
    EXPR                go to state 77
    TERM                go to state 26
    FACTOR              go to state 27
    NUMBER              go to state 28
    ID                  go to state 29


State 133

   45 DO_STATEMENT: T_DO T_LCUBRACKET BODY T_RCUBRACKET . T_WHILE CONDITION T_SEMICOLON

    T_WHILE  shift, and go to state 140


State 134

   35 DEC_VARIABLE: TYPE T_ID T_ASSIGN EXPR . T_SEMICOLON
   61 EXPR: EXPR . T_PLUS TERM
   62     | EXPR . T_MINUS TERM

    T_SEMICOLON  shift, and go to state 141
    T_PLUS       shift, and go to state 40
    T_MINUS      shift, and go to state 41


State 135

   21 BODY: BODY . STATEMENT
   48 ELSE_STATEMENT: T_ELSE T_LCUBRACKET BODY . T_RCUBRACKET

    T_LCUBRACKET  shift, and go to state 59
    T_RCUBRACKET  shift, and go to state 142
    T_LBRACKET    shift, and go to state 21
    T_INT         shift, and go to state 1
    T_DOUBLE      shift, and go to state 2
    T_STRING      shift, and go to state 3
    T_VOID        shift, and go to state 4
    T_LONG        shift, and go to state 5
    T_MINUS       shift, and go to state 22
    T_NUMBER      shift, and go to state 23
    T_ID          shift, and go to state 60
    T_RETURN      shift, and go to state 61
    T_IF          shift, and go to state 62
    T_WHILE       shift, and go to state 63
    T_DO          shift, and go to state 64

    TYPE                go to state 65
    STATEMENT           go to state 93
    NEW_SCOPE           go to state 68
    RETURN_STATEMENT    go to state 69
    DEC_VARIABLE        go to state 70
    FUNCTION_STATEMENT  go to state 71
    IFANDORELSEORELIF   go to state 72
    IFANDORELIF         go to state 73
    WHILE_STATEMENT     go to state 74
    DO_STATEMENT        go to state 75
    IF_STATEMENT        go to state 76
    EXPR                go to state 77
    TERM                go to state 26
    FACTOR              go to state 27
    NUMBER              go to state 28
    ID                  go to state 29


State 136

   47 ELSE_IF_STATEMENT: T_ELSE T_IF CONDITION . T_LCUBRACKET BODY T_RCUBRACKET
   49 CONDITION: CONDITION . T_LEQUAL CONDITION
   50          | CONDITION . T_LAND CONDITION
   51          | CONDITION . T_LOR CONDITION
   53          | CONDITION . T_LNOTEQUAL CONDITION
   54          | CONDITION . T_LMORE CONDITION
   55          | CONDITION . T_LLESS CONDITION
   56          | CONDITION . T_LMOREEQUAL CONDITION
   57          | CONDITION . T_LLESSEQUAL CONDITION

    T_LCUBRACKET  shift, and go to state 143
    T_LAND        shift, and go to state 107
    T_LOR         shift, and go to state 108
    T_LEQUAL      shift, and go to state 109
    T_LNOTEQUAL   shift, and go to state 110
    T_LLESSEQUAL  shift, and go to state 111
    T_LMOREEQUAL  shift, and go to state 112
    T_LMORE       shift, and go to state 113
    T_LLESS       shift, and go to state 114


State 137

   39 FUNCTION_STATEMENT: T_ID T_LBRACKET ARGUMENT_LIST_NO_TYPE T_RBRACKET T_SEMICOLON .

    $default  reduce using rule 39 (FUNCTION_STATEMENT)


State 138

   46 IF_STATEMENT: T_IF CONDITION T_LCUBRACKET BODY T_RCUBRACKET .

    $default  reduce using rule 46 (IF_STATEMENT)


State 139

   44 WHILE_STATEMENT: T_WHILE CONDITION T_LCUBRACKET BODY T_RCUBRACKET .

    $default  reduce using rule 44 (WHILE_STATEMENT)


State 140

   45 DO_STATEMENT: T_DO T_LCUBRACKET BODY T_RCUBRACKET T_WHILE . CONDITION T_SEMICOLON

    T_LBRACKET  shift, and go to state 85
    T_LNOT      shift, and go to state 86
    T_MINUS     shift, and go to state 22
    T_NUMBER    shift, and go to state 23
    T_ID        shift, and go to state 24

    CONDITION  go to state 144
    EXPR       go to state 88
    TERM       go to state 26
    FACTOR     go to state 27
    NUMBER     go to state 28
    ID         go to state 29


State 141

   35 DEC_VARIABLE: TYPE T_ID T_ASSIGN EXPR T_SEMICOLON .

    $default  reduce using rule 35 (DEC_VARIABLE)


State 142

   48 ELSE_STATEMENT: T_ELSE T_LCUBRACKET BODY T_RCUBRACKET .

    $default  reduce using rule 48 (ELSE_STATEMENT)


State 143

   47 ELSE_IF_STATEMENT: T_ELSE T_IF CONDITION T_LCUBRACKET . BODY T_RCUBRACKET

    T_LCUBRACKET  shift, and go to state 59
    T_LBRACKET    shift, and go to state 21
    T_INT         shift, and go to state 1
    T_DOUBLE      shift, and go to state 2
    T_STRING      shift, and go to state 3
    T_VOID        shift, and go to state 4
    T_LONG        shift, and go to state 5
    T_MINUS       shift, and go to state 22
    T_NUMBER      shift, and go to state 23
    T_ID          shift, and go to state 60
    T_RETURN      shift, and go to state 61
    T_IF          shift, and go to state 62
    T_WHILE       shift, and go to state 63
    T_DO          shift, and go to state 64

    T_LCUBRACKET  [reduce using rule 23 (BODY)]
    T_LBRACKET    [reduce using rule 23 (BODY)]
    T_INT         [reduce using rule 23 (BODY)]
    T_DOUBLE      [reduce using rule 23 (BODY)]
    T_STRING      [reduce using rule 23 (BODY)]
    T_VOID        [reduce using rule 23 (BODY)]
    T_LONG        [reduce using rule 23 (BODY)]
    T_MINUS       [reduce using rule 23 (BODY)]
    T_NUMBER      [reduce using rule 23 (BODY)]
    T_ID          [reduce using rule 23 (BODY)]
    T_RETURN      [reduce using rule 23 (BODY)]
    T_IF          [reduce using rule 23 (BODY)]
    T_WHILE       [reduce using rule 23 (BODY)]
    T_DO          [reduce using rule 23 (BODY)]
    $default      reduce using rule 23 (BODY)

    TYPE                go to state 65
    BODY                go to state 145
    STATEMENT           go to state 67
    NEW_SCOPE           go to state 68
    RETURN_STATEMENT    go to state 69
    DEC_VARIABLE        go to state 70
    FUNCTION_STATEMENT  go to state 71
    IFANDORELSEORELIF   go to state 72
    IFANDORELIF         go to state 73
    WHILE_STATEMENT     go to state 74
    DO_STATEMENT        go to state 75
    IF_STATEMENT        go to state 76
    EXPR                go to state 77
    TERM                go to state 26
    FACTOR              go to state 27
    NUMBER              go to state 28
    ID                  go to state 29


State 144

   45 DO_STATEMENT: T_DO T_LCUBRACKET BODY T_RCUBRACKET T_WHILE CONDITION . T_SEMICOLON
   49 CONDITION: CONDITION . T_LEQUAL CONDITION
   50          | CONDITION . T_LAND CONDITION
   51          | CONDITION . T_LOR CONDITION
   53          | CONDITION . T_LNOTEQUAL CONDITION
   54          | CONDITION . T_LMORE CONDITION
   55          | CONDITION . T_LLESS CONDITION
   56          | CONDITION . T_LMOREEQUAL CONDITION
   57          | CONDITION . T_LLESSEQUAL CONDITION

    T_SEMICOLON   shift, and go to state 146
    T_LAND        shift, and go to state 107
    T_LOR         shift, and go to state 108
    T_LEQUAL      shift, and go to state 109
    T_LNOTEQUAL   shift, and go to state 110
    T_LLESSEQUAL  shift, and go to state 111
    T_LMOREEQUAL  shift, and go to state 112
    T_LMORE       shift, and go to state 113
    T_LLESS       shift, and go to state 114


State 145

   21 BODY: BODY . STATEMENT
   47 ELSE_IF_STATEMENT: T_ELSE T_IF CONDITION T_LCUBRACKET BODY . T_RCUBRACKET

    T_LCUBRACKET  shift, and go to state 59
    T_RCUBRACKET  shift, and go to state 147
    T_LBRACKET    shift, and go to state 21
    T_INT         shift, and go to state 1
    T_DOUBLE      shift, and go to state 2
    T_STRING      shift, and go to state 3
    T_VOID        shift, and go to state 4
    T_LONG        shift, and go to state 5
    T_MINUS       shift, and go to state 22
    T_NUMBER      shift, and go to state 23
    T_ID          shift, and go to state 60
    T_RETURN      shift, and go to state 61
    T_IF          shift, and go to state 62
    T_WHILE       shift, and go to state 63
    T_DO          shift, and go to state 64

    TYPE                go to state 65
    STATEMENT           go to state 93
    NEW_SCOPE           go to state 68
    RETURN_STATEMENT    go to state 69
    DEC_VARIABLE        go to state 70
    FUNCTION_STATEMENT  go to state 71
    IFANDORELSEORELIF   go to state 72
    IFANDORELIF         go to state 73
    WHILE_STATEMENT     go to state 74
    DO_STATEMENT        go to state 75
    IF_STATEMENT        go to state 76
    EXPR                go to state 77
    TERM                go to state 26
    FACTOR              go to state 27
    NUMBER              go to state 28
    ID                  go to state 29


State 146

   45 DO_STATEMENT: T_DO T_LCUBRACKET BODY T_RCUBRACKET T_WHILE CONDITION T_SEMICOLON .

    $default  reduce using rule 45 (DO_STATEMENT)


State 147

   47 ELSE_IF_STATEMENT: T_ELSE T_IF CONDITION T_LCUBRACKET BODY T_RCUBRACKET .

    $default  reduce using rule 47 (ELSE_IF_STATEMENT)
